[2019-11-02 23:30:27] 
        Error Message: Page not found | File: Y:\domains\ishop2.loc\public\index.php | Line: 7 
===============
[2019-11-02 23:33:08] 
        Error Message: Page not found | File: Y:\domains\ishop2.loc\public\index.php | Line: 7 
===============
[2019-11-02 23:33:32] 
        Error Message: Page not found | File: Y:\domains\ishop2.loc\public\index.php | Line: 7 
===============
[2019-11-02 23:38:09] 
        Error Message: Page not found | File: Y:\domains\ishop2.loc\public\index.php | Line: 7 
===============
[2019-11-02 23:38:10] 
        Error Message: Page not found | File: Y:\domains\ishop2.loc\public\index.php | Line: 7 
===============
[2019-11-02 23:38:11] 
        Error Message: Page not found | File: Y:\domains\ishop2.loc\public\index.php | Line: 7 
===============
[2019-11-02 23:38:13] 
        Error Message: Page not found | File: Y:\domains\ishop2.loc\public\index.php | Line: 7 
===============
[2019-11-02 23:38:14] 
        Error Message: Page not found | File: Y:\domains\ishop2.loc\public\index.php | Line: 7 
===============
[2019-11-02 23:38:14] 
        Error Message: Page not found | File: Y:\domains\ishop2.loc\public\index.php | Line: 7 
===============
[2019-11-02 23:38:15] 
        Error Message: Page not found | File: Y:\domains\ishop2.loc\public\index.php | Line: 7 
===============
[2019-11-02 23:38:23] 
        Error Message: Page not found | File: Y:\domains\ishop2.loc\public\index.php | Line: 7 
===============
[2019-11-02 23:38:24] 
        Error Message: Page not found | File: Y:\domains\ishop2.loc\public\index.php | Line: 7 
===============
[2019-11-02 23:38:24] 
        Error Message: Page not found | File: Y:\domains\ishop2.loc\public\index.php | Line: 7 
===============
[2019-11-02 23:38:24] 
        Error Message: Page not found | File: Y:\domains\ishop2.loc\public\index.php | Line: 7 
===============
[2019-11-02 23:38:25] 
        Error Message: Page not found | File: Y:\domains\ishop2.loc\public\index.php | Line: 7 
===============
[2019-11-02 23:38:25] 
        Error Message: Page not found | File: Y:\domains\ishop2.loc\public\index.php | Line: 7 
===============
[2019-11-02 23:38:26] 
        Error Message: Page not found | File: Y:\domains\ishop2.loc\public\index.php | Line: 7 
===============
[2019-11-02 23:38:26] 
        Error Message: Page not found | File: Y:\domains\ishop2.loc\public\index.php | Line: 7 
===============
[2019-11-02 23:38:27] 
        Error Message: Page not found | File: Y:\domains\ishop2.loc\public\index.php | Line: 7 
===============
[2019-11-02 23:38:27] 
        Error Message: Page not found | File: Y:\domains\ishop2.loc\public\index.php | Line: 7 
===============
[2019-11-02 23:38:28] 
        Error Message: Page not found | File: Y:\domains\ishop2.loc\public\index.php | Line: 7 
===============
[2019-11-02 23:38:28] 
        Error Message: Page not found | File: Y:\domains\ishop2.loc\public\index.php | Line: 7 
===============
[2019-11-02 23:38:28] 
        Error Message: Page not found | File: Y:\domains\ishop2.loc\public\index.php | Line: 7 
===============
[2019-11-02 23:38:29] 
        Error Message: Page not found | File: Y:\domains\ishop2.loc\public\index.php | Line: 7 
===============
[2019-11-02 23:38:30] 
        Error Message: Page not found | File: Y:\domains\ishop2.loc\public\index.php | Line: 7 
===============
[2019-11-02 23:38:30] 
        Error Message: Page not found | File: Y:\domains\ishop2.loc\public\index.php | Line: 7 
===============
[2019-11-02 23:38:32] 
        Error Message: Page not found | File: Y:\domains\ishop2.loc\public\index.php | Line: 7 
===============
[2019-11-02 23:38:57] 
        Error Message: Page not found | File: Y:\domains\ishop2.loc\public\index.php | Line: 7 
===============
[2019-11-02 23:39:47] 
        Error Message: Page not found | File: Y:\domains\ishop2.loc\public\index.php | Line: 7 
===============
[2019-11-02 23:40:11] 
        Error Message: Page not found | File: Y:\domains\ishop2.loc\public\index.php | Line: 7 
===============
[2019-11-02 23:40:15] 
        Error Message: Page not found | File: Y:\domains\ishop2.loc\public\index.php | Line: 7 
===============
[2019-11-02 23:40:45] 
        Error Message: Page not found | File: Y:\domains\ishop2.loc\public\index.php | Line: 7 
===============
[2019-11-02 23:41:03] 
        Error Message: Page not found | File: Y:\domains\ishop2.loc\public\index.php | Line: 7 
===============
[2019-11-02 23:41:05] 
        Error Message: Page not found | File: Y:\domains\ishop2.loc\public\index.php | Line: 7 
===============
[2019-11-02 23:41:09] 
        Error Message: Page not found | File: Y:\domains\ishop2.loc\public\index.php | Line: 7 
===============
[2019-11-02 23:41:10] 
        Error Message: Page not found | File: Y:\domains\ishop2.loc\public\index.php | Line: 7 
===============
[2019-11-02 23:41:16] 
        Error Message: Page not found | File: Y:\domains\ishop2.loc\public\index.php | Line: 7 
===============
[2019-11-02 23:41:32] 
        Error Message: Page not found | File: Y:\domains\ishop2.loc\public\index.php | Line: 7 
===============
[2019-11-02 23:57:45] 
        Error Message: Page not found | File: Y:\domains\ishop2.loc\public\index.php | Line: 7 
===============
[2019-11-02 23:57:47] 
        Error Message: Page not found | File: Y:\domains\ishop2.loc\public\index.php | Line: 7 
===============
[2019-11-02 23:57:49] 
        Error Message: Page not found | File: Y:\domains\ishop2.loc\public\index.php | Line: 7 
===============
[2019-11-02 23:57:50] 
        Error Message: Page not found | File: Y:\domains\ishop2.loc\public\index.php | Line: 7 
===============
[2019-11-02 23:58:12] 
        Error Message: Page not found | File: Y:\domains\ishop2.loc\public\index.php | Line: 7 
===============
[2019-11-02 23:58:47] 
        Error Message: Page not found | File: Y:\domains\ishop2.loc\public\index.php | Line: 7 
===============
[2019-11-02 23:58:48] 
        Error Message: Page not found | File: Y:\domains\ishop2.loc\public\index.php | Line: 7 
===============
[2019-11-02 23:58:49] 
        Error Message: Page not found | File: Y:\domains\ishop2.loc\public\index.php | Line: 7 
===============
[2019-11-02 23:58:51] 
        Error Message: Page not found | File: Y:\domains\ishop2.loc\public\index.php | Line: 7 
===============
[2019-11-02 23:58:52] 
        Error Message: Page not found | File: Y:\domains\ishop2.loc\public\index.php | Line: 7 
===============
[2019-11-03 00:00:13] 
        Error Message: Page not found | File: Y:\domains\ishop2.loc\public\index.php | Line: 7 
===============
[2019-11-03 00:00:14] 
        Error Message: Page not found | File: Y:\domains\ishop2.loc\public\index.php | Line: 7 
===============
[2019-11-03 00:00:15] 
        Error Message: Page not found | File: Y:\domains\ishop2.loc\public\index.php | Line: 7 
===============
[2019-11-03 00:01:25] 
        Error Message: Page not found | File: Y:\domains\ishop2.loc\public\index.php | Line: 7 
===============
[2019-11-03 00:01:26] 
        Error Message: Page not found | File: Y:\domains\ishop2.loc\public\index.php | Line: 7 
===============
[2019-11-03 00:01:28] 
        Error Message: Page not found | File: Y:\domains\ishop2.loc\public\index.php | Line: 7 
===============
[2019-11-03 00:01:42] 
        Error Message: Page not found | File: Y:\domains\ishop2.loc\public\index.php | Line: 7 
===============
[2019-11-03 00:01:42] 
        Error Message: Page not found | File: Y:\domains\ishop2.loc\public\index.php | Line: 7 
===============
[2019-11-03 00:01:43] 
        Error Message: Page not found | File: Y:\domains\ishop2.loc\public\index.php | Line: 7 
===============
[2019-11-03 00:01:43] 
        Error Message: Page not found | File: Y:\domains\ishop2.loc\public\index.php | Line: 7 
===============
[2019-11-03 00:03:05] 
        Error Message: Page not found | File: Y:\domains\ishop2.loc\public\index.php | Line: 7 
===============
[2019-11-03 00:03:07] 
        Error Message: Page not found | File: Y:\domains\ishop2.loc\public\index.php | Line: 7 
===============
[2019-11-03 00:03:09] 
        Error Message: Page not found | File: Y:\domains\ishop2.loc\public\index.php | Line: 7 
===============
[2019-11-03 00:03:10] 
        Error Message: Page not found | File: Y:\domains\ishop2.loc\public\index.php | Line: 7 
===============
[2019-11-03 00:03:11] 
        Error Message: Page not found | File: Y:\domains\ishop2.loc\public\index.php | Line: 7 
===============
[2019-11-03 00:03:12] 
        Error Message: Page not found | File: Y:\domains\ishop2.loc\public\index.php | Line: 7 
===============
[2019-11-03 00:03:14] 
        Error Message: Page not found | File: Y:\domains\ishop2.loc\public\index.php | Line: 7 
===============
[2019-11-03 00:03:17] 
        Error Message: Page not found | File: Y:\domains\ishop2.loc\public\index.php | Line: 7 
===============
[2019-11-03 00:04:48] 
        Error Message: Page not found | File: Y:\domains\ishop2.loc\public\index.php | Line: 7 
===============
[2019-11-03 00:04:50] 
        Error Message: Page not found | File: Y:\domains\ishop2.loc\public\index.php | Line: 7 
===============
[2019-11-03 00:06:01] 
        Error Message: Page not found | File: Y:\domains\ishop2.loc\public\index.php | Line: 7 
===============
[2019-11-03 00:06:03] 
        Error Message: Page not found | File: Y:\domains\ishop2.loc\public\index.php | Line: 7 
===============
[2019-11-03 00:06:04] 
        Error Message: Page not found | File: Y:\domains\ishop2.loc\public\index.php | Line: 7 
===============
[2019-11-03 00:06:15] 
        Error Message: Page not found | File: Y:\domains\ishop2.loc\public\index.php | Line: 7 
===============
[2019-11-03 00:06:17] 
        Error Message: Page not found | File: Y:\domains\ishop2.loc\public\index.php | Line: 7 
===============
[2019-11-03 00:06:18] 
        Error Message: Page not found | File: Y:\domains\ishop2.loc\public\index.php | Line: 7 
===============
[2019-11-03 00:06:19] 
        Error Message: Page not found | File: Y:\domains\ishop2.loc\public\index.php | Line: 7 
===============
[2019-11-03 00:06:41] 
        Error Message: Page not found | File: Y:\domains\ishop2.loc\public\index.php | Line: 7 
===============
[2019-11-03 00:06:42] 
        Error Message: Page not found | File: Y:\domains\ishop2.loc\public\index.php | Line: 7 
===============
[2019-11-03 00:06:49] 
        Error Message: Page not found | File: Y:\domains\ishop2.loc\public\index.php | Line: 7 
===============
[2019-11-03 00:06:50] 
        Error Message: Page not found | File: Y:\domains\ishop2.loc\public\index.php | Line: 7 
===============
[2019-11-03 00:06:52] 
        Error Message: Page not found | File: Y:\domains\ishop2.loc\public\index.php | Line: 7 
===============
[2019-11-03 00:06:53] 
        Error Message: Page not found | File: Y:\domains\ishop2.loc\public\index.php | Line: 7 
===============
[2019-11-03 00:06:54] 
        Error Message: Page not found | File: Y:\domains\ishop2.loc\public\index.php | Line: 7 
===============
[2019-11-03 00:08:12] 
        Error Message: Page not found | File: Y:\domains\ishop2.loc\public\index.php | Line: 7 
===============
[2019-11-03 00:08:13] 
        Error Message: Page not found | File: Y:\domains\ishop2.loc\public\index.php | Line: 7 
===============
[2019-11-03 00:08:15] 
        Error Message: Page not found | File: Y:\domains\ishop2.loc\public\index.php | Line: 7 
===============
[2019-11-03 00:08:16] 
        Error Message: Page not found | File: Y:\domains\ishop2.loc\public\index.php | Line: 7 
===============
[2019-11-03 00:08:17] 
        Error Message: Page not found | File: Y:\domains\ishop2.loc\public\index.php | Line: 7 
===============
[2019-11-03 00:08:18] 
        Error Message: Page not found | File: Y:\domains\ishop2.loc\public\index.php | Line: 7 
===============
[2019-11-03 00:08:19] 
        Error Message: Page not found | File: Y:\domains\ishop2.loc\public\index.php | Line: 7 
===============
[2019-11-03 00:08:19] 
        Error Message: Page not found | File: Y:\domains\ishop2.loc\public\index.php | Line: 7 
===============
[2019-11-03 00:08:55] 
        Error Message: Page not found | File: Y:\domains\ishop2.loc\public\index.php | Line: 7 
===============
[2019-11-03 00:08:56] 
        Error Message: Page not found | File: Y:\domains\ishop2.loc\public\index.php | Line: 7 
===============
[2019-11-03 00:08:57] 
        Error Message: Page not found | File: Y:\domains\ishop2.loc\public\index.php | Line: 7 
===============
[2019-11-03 00:08:59] 
        Error Message: Page not found | File: Y:\domains\ishop2.loc\public\index.php | Line: 7 
===============
[2019-11-03 00:09:00] 
        Error Message: Page not found | File: Y:\domains\ishop2.loc\public\index.php | Line: 7 
===============
[2019-11-03 00:09:01] 
        Error Message: Page not found | File: Y:\domains\ishop2.loc\public\index.php | Line: 7 
===============
[2019-11-03 00:09:02] 
        Error Message: Page not found | File: Y:\domains\ishop2.loc\public\index.php | Line: 7 
===============
[2019-11-03 00:09:02] 
        Error Message: Page not found | File: Y:\domains\ishop2.loc\public\index.php | Line: 7 
===============
[2019-11-03 00:09:04] 
        Error Message: Page not found | File: Y:\domains\ishop2.loc\public\index.php | Line: 7 
===============
[2019-11-03 00:09:43] 
        Error Message: Page not found | File: Y:\domains\ishop2.loc\public\index.php | Line: 7 
===============
[2019-11-03 00:09:44] 
        Error Message: Page not found | File: Y:\domains\ishop2.loc\public\index.php | Line: 7 
===============
[2019-11-03 00:09:46] 
        Error Message: Page not found | File: Y:\domains\ishop2.loc\public\index.php | Line: 7 
===============
[2019-11-03 00:11:55] 
        Error Message: Page not found | File: Y:\domains\ishop2.loc\public\index.php | Line: 7 
===============
[2019-11-03 00:11:56] 
        Error Message: Page not found | File: Y:\domains\ishop2.loc\public\index.php | Line: 7 
===============
[2019-11-03 00:11:58] 
        Error Message: Page not found | File: Y:\domains\ishop2.loc\public\index.php | Line: 7 
===============
[2019-11-03 00:11:59] 
        Error Message: Page not found | File: Y:\domains\ishop2.loc\public\index.php | Line: 7 
===============
[2019-11-03 00:12:40] 
        Error Message: Page not found | File: Y:\domains\ishop2.loc\public\index.php | Line: 7 
===============
[2019-11-03 00:12:42] 
        Error Message: Page not found | File: Y:\domains\ishop2.loc\public\index.php | Line: 7 
===============
[2019-11-03 00:12:43] 
        Error Message: Page not found | File: Y:\domains\ishop2.loc\public\index.php | Line: 7 
===============
[2019-11-03 00:12:44] 
        Error Message: Page not found | File: Y:\domains\ishop2.loc\public\index.php | Line: 7 
===============
[2019-11-03 00:12:57] 
        Error Message: Page not found | File: Y:\domains\ishop2.loc\public\index.php | Line: 7 
===============
[2019-11-03 00:12:59] 
        Error Message: Page not found | File: Y:\domains\ishop2.loc\public\index.php | Line: 7 
===============
[2019-11-03 00:13:00] 
        Error Message: Page not found | File: Y:\domains\ishop2.loc\public\index.php | Line: 7 
===============
[2019-11-03 00:13:01] 
        Error Message: Page not found | File: Y:\domains\ishop2.loc\public\index.php | Line: 7 
===============
[2019-11-03 00:13:02] 
        Error Message: Page not found | File: Y:\domains\ishop2.loc\public\index.php | Line: 7 
===============
[2019-11-03 00:13:03] 
        Error Message: Page not found | File: Y:\domains\ishop2.loc\public\index.php | Line: 7 
===============
[2019-11-03 00:13:26] 
        Error Message: Page not found | File: Y:\domains\ishop2.loc\public\index.php | Line: 7 
===============
[2019-11-03 00:13:43] 
        Error Message: Page not found | File: Y:\domains\ishop2.loc\public\index.php | Line: 7 
===============
[2019-11-03 00:13:45] 
        Error Message: Page not found | File: Y:\domains\ishop2.loc\public\index.php | Line: 7 
===============
[2019-11-03 00:14:22] 
        Error Message: Page not found | File: Y:\domains\ishop2.loc\public\index.php | Line: 7 
===============
[2019-11-03 00:14:23] 
        Error Message: Page not found | File: Y:\domains\ishop2.loc\public\index.php | Line: 7 
===============
[2019-11-03 00:14:25] 
        Error Message: Page not found | File: Y:\domains\ishop2.loc\public\index.php | Line: 7 
===============
[2019-11-03 00:14:26] 
        Error Message: Page not found | File: Y:\domains\ishop2.loc\public\index.php | Line: 7 
===============
[2019-11-03 00:14:27] 
        Error Message: Page not found | File: Y:\domains\ishop2.loc\public\index.php | Line: 7 
===============
[2019-11-03 00:14:28] 
        Error Message: Page not found | File: Y:\domains\ishop2.loc\public\index.php | Line: 7 
===============
[2019-11-03 00:14:28] 
        Error Message: Page not found | File: Y:\domains\ishop2.loc\public\index.php | Line: 7 
===============
[2019-11-03 00:14:29] 
        Error Message: Page not found | File: Y:\domains\ishop2.loc\public\index.php | Line: 7 
===============
[2019-11-03 00:14:30] 
        Error Message: Page not found | File: Y:\domains\ishop2.loc\public\index.php | Line: 7 
===============
[2019-11-03 00:14:31] 
        Error Message: Page not found | File: Y:\domains\ishop2.loc\public\index.php | Line: 7 
===============
[2019-11-03 00:14:32] 
        Error Message: Page not found | File: Y:\domains\ishop2.loc\public\index.php | Line: 7 
===============
[2019-11-03 00:15:15] 
        Error Message: Page not found | File: Y:\domains\ishop2.loc\public\index.php | Line: 7 
===============
[2019-11-03 00:19:01] 
        Error Message: Page not found | File: Y:\domains\ishop2.loc\public\index.php | Line: 7 
===============
[2019-11-03 00:19:10] 
        Error Message: Page not found | File: Y:\domains\ishop2.loc\public\index.php | Line: 7 
===============
[2019-11-03 00:19:17] 
        Error Message: Page not found | File: Y:\domains\ishop2.loc\public\index.php | Line: 7 
===============
[2019-11-03 00:19:19] 
        Error Message: Page not found | File: Y:\domains\ishop2.loc\public\index.php | Line: 7 
===============
[2019-11-03 00:35:44] 
        Error Message: Page not found | File: Y:\domains\ishop2.loc\public\index.php | Line: 7 
===============
[2019-11-03 00:36:19] 
        Error Message: Page not found | File: Y:\domains\ishop2.loc\public\index.php | Line: 7 
===============
[2019-11-03 00:37:13] 
        Error Message: Page not found | File: Y:\domains\ishop2.loc\public\index.php | Line: 7 
===============
[2019-11-03 22:57:57] 
        Error Message: Page not found | File: Y:\domains\ishop2.loc\vendor\ishop\core\Router.php | Line: 24 
===============
[2019-11-03 22:58:50] 
        Error Message: Page not found | File: Y:\domains\ishop2.loc\vendor\ishop\core\Router.php | Line: 24 
===============
[2019-11-03 23:06:24] 
        Error Message: Page not found | File: Y:\domains\ishop2.loc\vendor\ishop\core\Router.php | Line: 25 
===============
[2019-11-03 23:06:25] 
        Error Message: Page not found | File: Y:\domains\ishop2.loc\vendor\ishop\core\Router.php | Line: 25 
===============
[2019-11-03 23:06:26] 
        Error Message: Page not found | File: Y:\domains\ishop2.loc\vendor\ishop\core\Router.php | Line: 25 
===============
[2019-11-03 23:39:47] 
        Error Message: Controller app\controllers\ADdController not found | File: Y:\domains\ishop2.loc\vendor\ishop\core\Router.php | Line: 28 
===============
[2019-11-03 23:40:21] 
        Error Message: Class 'app\controllers\ADdController' not found | File: Y:\domains\ishop2.loc\vendor\ishop\core\Router.php | Line: 25 
===============
[2019-11-03 23:40:42] 
        Error Message: Class 'app\controllers\ADdController' not found | File: Y:\domains\ishop2.loc\vendor\ishop\core\Router.php | Line: 25 
===============
[2019-11-03 23:40:43] 
        Error Message: Class 'app\controllers\ADdController' not found | File: Y:\domains\ishop2.loc\vendor\ishop\core\Router.php | Line: 25 
===============
[2019-11-03 23:40:44] 
        Error Message: Class 'app\controllers\ADdController' not found | File: Y:\domains\ishop2.loc\vendor\ishop\core\Router.php | Line: 25 
===============
[2019-11-03 23:40:44] 
        Error Message: Class 'app\controllers\ADdController' not found | File: Y:\domains\ishop2.loc\vendor\ishop\core\Router.php | Line: 25 
===============
[2019-11-03 23:40:45] 
        Error Message: Class 'app\controllers\ADdController' not found | File: Y:\domains\ishop2.loc\vendor\ishop\core\Router.php | Line: 25 
===============
[2019-11-03 23:40:45] 
        Error Message: Class 'app\controllers\ADdController' not found | File: Y:\domains\ishop2.loc\vendor\ishop\core\Router.php | Line: 25 
===============
[2019-11-03 23:40:46] 
        Error Message: Class 'app\controllers\ADdController' not found | File: Y:\domains\ishop2.loc\vendor\ishop\core\Router.php | Line: 25 
===============
[2019-11-03 23:51:29] 
        Error Message: Action app\controllers\MainController::indexAction not found | File: Y:\domains\ishop2.loc\vendor\ishop\core\Router.php | Line: 30 
===============
[2019-11-03 23:57:12] 
        Error Message: Action app\controllers\PageController::indexAction not found | File: Y:\domains\ishop2.loc\vendor\ishop\core\Router.php | Line: 30 
===============
[2019-11-03 23:58:15] 
        Error Message: Page not found | File: Y:\domains\ishop2.loc\vendor\ishop\core\Router.php | Line: 37 
===============
[2019-11-22 00:26:24] 
        Error Message: Action app\controllers\PageController::indexAction not found | File: Y:\domains\ishop2.loc\vendor\ishop\core\Router.php | Line: 30 
===============
[2019-11-22 23:46:53] 
        Error Message: Action app\controllers\PageController::indexAction not found | File: Y:\domains\ishop2.loc\vendor\ishop\core\Router.php | Line: 30 
===============
